16:02:36 :leguin.freenode.net 001 Awesomererius2 :Welcome to the freenode Internet Relay Chat Network Awesomererius2
16:02:36 :leguin.freenode.net 002 Awesomererius2 :Your host is leguin.freenode.net[130.239.18.172/6667], running version ircd-seven-1.1.3
16:02:36 :leguin.freenode.net 003 Awesomererius2 :This server was created Mon Dec 31 2012 at 22:37:58 CET
16:02:36 :leguin.freenode.net 004 Awesomererius2 leguin.freenode.net ircd-seven-1.1.3 DOQRSZaghilopswz CFILMPQSbcefgijklmnopqrstvz bkloveqjfI
16:02:36 :leguin.freenode.net 005 Awesomererius2 CHANTYPES=# EXCEPTS INVEX CHANMODES=eIbq,k,flj,CFLMPQScgimnprstz CHANLIMIT=#:120 PREFIX=(ov)@+ MAXLIST=bqeI:100 MODES=4 NETWORK=freenode KNOCK STATUSMSG=@+ CALLERID=g :are supported by this server
16:02:36 :leguin.freenode.net 005 Awesomererius2 CASEMAPPING=rfc1459 CHARSET=ascii NICKLEN=16 CHANNELLEN=50 TOPICLEN=390 ETRACE CPRIVMSG CNOTICE DEAF=D MONITOR=100 FNC TARGMAX=NAMES:1,LIST:1,KICK:1,WHOIS:1,PRIVMSG:4,NOTICE:4,ACCEPT:,MONITOR: :are supported by this server
16:02:36 :leguin.freenode.net 005 Awesomererius2 EXTBAN=$,arxz WHOX CLIENTVER=3.0 SAFELIST ELIST=CTU :are supported by this server
16:02:36 :leguin.freenode.net 251 Awesomererius2 :There are 199 users and 95993 invisible on 28 servers
16:02:36 :leguin.freenode.net 252 Awesomererius2 33 :IRC Operators online
16:02:36 :leguin.freenode.net 253 Awesomererius2 43 :unknown connection(s)
16:02:36 :leguin.freenode.net 254 Awesomererius2 52278 :channels formed
16:02:36 :leguin.freenode.net 255 Awesomererius2 :I have 7988 clients and 1 servers
16:02:36 :leguin.freenode.net 265 Awesomererius2 7988 12001 :Current local users 7988, max 12001
16:02:36 :leguin.freenode.net 266 Awesomererius2 96192 101329 :Current global users 96192, max 101329
16:02:36 :leguin.freenode.net 250 Awesomererius2 :Highest connection count: 12002 (12001 clients) (3379148 connections received)
16:02:36 :leguin.freenode.net 375 Awesomererius2 :- leguin.freenode.net Message of the Day - 
16:02:36 :leguin.freenode.net 372 Awesomererius2 :- Welcome to leguin.freenode.net in Umeå, Sweden, EU! Thanks to
16:02:36 :leguin.freenode.net 372 Awesomererius2 :- the Academic Computer Club at Umeå University for sponsoring
16:02:36 :leguin.freenode.net 372 Awesomererius2 :- this server!
16:02:36 :leguin.freenode.net 372 Awesomererius2 :-  
16:02:36 :leguin.freenode.net 372 Awesomererius2 :- LE GUIN, URSULA K. (1929-) Born in Berkeley, California,
16:02:36 :leguin.freenode.net 372 Awesomererius2 :- Ursula Le Guin is an american author primarily known for
16:02:36 :leguin.freenode.net 372 Awesomererius2 :- her Science Fiction and Fantasy. She has been awarded the
16:02:36 :leguin.freenode.net 372 Awesomererius2 :- Hugo and Nebula awards, and is best known for her Earthsea
16:02:36 :leguin.freenode.net 372 Awesomererius2 :- and Hainish series.
16:02:36 :leguin.freenode.net 372 Awesomererius2 :-  
16:02:36 :leguin.freenode.net 372 Awesomererius2 :- Welcome to freenode - supporting the free and open source
16:02:36 :leguin.freenode.net 372 Awesomererius2 :- software communities since 1998.
16:02:36 :leguin.freenode.net 372 Awesomererius2 :-  
16:02:36 :leguin.freenode.net 372 Awesomererius2 :- By connecting to freenode you indicate that you have read and
16:02:36 :leguin.freenode.net 372 Awesomererius2 :- accept our policies as set out on http://www.freenode.net
16:02:36 :leguin.freenode.net 372 Awesomererius2 :- freenode runs an open proxy scanner. Please join #freenode for
16:02:36 :leguin.freenode.net 372 Awesomererius2 :- any network-related questions or queries, where a number of
16:02:36 :leguin.freenode.net 372 Awesomererius2 :- volunteer staff and helpful users will be happy to assist you.
16:02:36 :leguin.freenode.net 372 Awesomererius2 :-  
16:02:36 :leguin.freenode.net 372 Awesomererius2 :- You can meet us at FOSSCON (http://www.fosscon.org) where we get
16:02:36 :leguin.freenode.net 372 Awesomererius2 :- together with like-minded FOSS enthusiasts for talks and
16:02:36 :leguin.freenode.net 372 Awesomererius2 :- real-life collaboration, if you're more keen on the outdoors why
16:02:36 :leguin.freenode.net 372 Awesomererius2 :- not attend or arrange a local geeknic (http://www.geeknic.org).
16:02:36 :leguin.freenode.net 372 Awesomererius2 :-  
16:02:36 :leguin.freenode.net 372 Awesomererius2 :- We would like to thank Private Internet Access
16:02:36 :leguin.freenode.net 372 Awesomererius2 :- (https://www.privateinternetaccess.com/) and the other
16:02:36 :leguin.freenode.net 372 Awesomererius2 :- organisations that help keep freenode and our other projects
16:02:36 :leguin.freenode.net 372 Awesomererius2 :- running for their sustained support.
16:02:36 :leguin.freenode.net 372 Awesomererius2 :-  
16:02:36 :leguin.freenode.net 372 Awesomererius2 :- In particular we would like to thank the sponsor
16:02:36 :leguin.freenode.net 372 Awesomererius2 :- of this server, details of which can be found above.
16:02:36 :leguin.freenode.net 372 Awesomererius2 :-  
16:02:36 :leguin.freenode.net 372 Awesomererius2 :- ***************************************************************
16:02:36 :leguin.freenode.net 372 Awesomererius2 :- Please read http://blog.freenode.net/2010/11/be-safe-out-there/
16:02:36 :leguin.freenode.net 372 Awesomererius2 :- ***************************************************************
16:02:36 :leguin.freenode.net 376 Awesomererius2 :End of /MOTD command.
16:02:37 :leguin.freenode.net 332 Awesomererius2 ##reddit-gd :Welcome to the official www.reddit.com/r/graphic_design channel — where your opinon can't get smashed by arrows ↑↓ || Please be patient when joining, as we may not immediately respond. - NSFW? Tag it accordingly || Latest Weekly Ask The Experts Thread. - http://redd.it/1sc4mf
16:02:37 :leguin.freenode.net 333 Awesomererius2 ##reddit-gd medos!~medos@unaffiliated/medos 1386856722
16:02:37 :leguin.freenode.net 353 Awesomererius2 @ ##reddit-gd :Awesomererius2 EDSGD Awesomererius @Dekthro zelke shotty TheWhisper conlinism @rGDbot kneeko danceswithwolves tmorrison thrrwfls esde bashel sigstuff @ChanServ
16:02:37 :leguin.freenode.net 366 Awesomererius2 ##reddit-gd :End of /NAMES list.
