17:07:54 :leguin.freenode.net NOTICE * :*** Looking up your hostname...
17:07:54 :leguin.freenode.net NOTICE * :*** Checking Ident
17:07:54 :leguin.freenode.net NOTICE * :*** Found your hostname
17:07:59 :leguin.freenode.net NOTICE * :*** No Ident response
17:07:59 :leguin.freenode.net 001 Awesomererius :Welcome to the freenode Internet Relay Chat Network Awesomererius
17:07:59 :leguin.freenode.net 002 Awesomererius :Your host is leguin.freenode.net[130.239.18.172/6667], running version ircd-seven-1.1.3
17:07:59 :leguin.freenode.net 003 Awesomererius :This server was created Mon Dec 31 2012 at 22:37:58 CET
17:07:59 :leguin.freenode.net 004 Awesomererius leguin.freenode.net ircd-seven-1.1.3 DOQRSZaghilopswz CFILMPQSbcefgijklmnopqrstvz bkloveqjfI
17:07:59 :leguin.freenode.net 005 Awesomererius CHANTYPES=# EXCEPTS INVEX CHANMODES=eIbq,k,flj,CFLMPQScgimnprstz CHANLIMIT=#:120 PREFIX=(ov)@+ MAXLIST=bqeI:100 MODES=4 NETWORK=freenode KNOCK STATUSMSG=@+ CALLERID=g :are supported by this server
17:07:59 :leguin.freenode.net 005 Awesomererius CASEMAPPING=rfc1459 CHARSET=ascii NICKLEN=16 CHANNELLEN=50 TOPICLEN=390 ETRACE CPRIVMSG CNOTICE DEAF=D MONITOR=100 FNC TARGMAX=NAMES:1,LIST:1,KICK:1,WHOIS:1,PRIVMSG:4,NOTICE:4,ACCEPT:,MONITOR: :are supported by this server
17:07:59 :leguin.freenode.net 005 Awesomererius EXTBAN=$,arxz WHOX CLIENTVER=3.0 SAFELIST ELIST=CTU :are supported by this server
17:07:59 :leguin.freenode.net 251 Awesomererius :There are 217 users and 96475 invisible on 28 servers
17:07:59 :leguin.freenode.net 252 Awesomererius 34 :IRC Operators online
17:07:59 :leguin.freenode.net 253 Awesomererius 22 :unknown connection(s)
17:07:59 :leguin.freenode.net 254 Awesomererius 52291 :channels formed
17:07:59 :leguin.freenode.net 255 Awesomererius :I have 5720 clients and 1 servers
17:07:59 :leguin.freenode.net 265 Awesomererius 5720 12001 :Current local users 5720, max 12001
17:07:59 :leguin.freenode.net 266 Awesomererius 96692 101329 :Current global users 96692, max 101329
17:07:59 :leguin.freenode.net 250 Awesomererius :Highest connection count: 12002 (12001 clients) (3342673 connections received)
17:07:59 :leguin.freenode.net 375 Awesomererius :- leguin.freenode.net Message of the Day - 
17:07:59 :leguin.freenode.net 372 Awesomererius :- Welcome to leguin.freenode.net in Umeå, Sweden, EU! Thanks to
17:07:59 :leguin.freenode.net 372 Awesomererius :- the Academic Computer Club at Umeå University for sponsoring
17:07:59 :leguin.freenode.net 372 Awesomererius :- this server!
17:07:59 :leguin.freenode.net 372 Awesomererius :-  
17:07:59 :leguin.freenode.net 372 Awesomererius :- LE GUIN, URSULA K. (1929-) Born in Berkeley, California,
17:07:59 :leguin.freenode.net 372 Awesomererius :- Ursula Le Guin is an american author primarily known for
17:07:59 :leguin.freenode.net 372 Awesomererius :- her Science Fiction and Fantasy. She has been awarded the
17:07:59 :leguin.freenode.net 372 Awesomererius :- Hugo and Nebula awards, and is best known for her Earthsea
17:07:59 :leguin.freenode.net 372 Awesomererius :- and Hainish series.
17:07:59 :leguin.freenode.net 372 Awesomererius :-  
17:07:59 :leguin.freenode.net 372 Awesomererius :- Welcome to freenode - supporting the free and open source
17:07:59 :leguin.freenode.net 372 Awesomererius :- software communities since 1998.
17:07:59 :leguin.freenode.net 372 Awesomererius :-  
17:08:00 :leguin.freenode.net 372 Awesomererius :- By connecting to freenode you indicate that you have read and
17:08:00 :leguin.freenode.net 372 Awesomererius :- accept our policies as set out on http://www.freenode.net
17:08:00 :leguin.freenode.net 372 Awesomererius :- freenode runs an open proxy scanner. Please join #freenode for
17:08:00 :leguin.freenode.net 372 Awesomererius :- any network-related questions or queries, where a number of
17:08:00 :leguin.freenode.net 372 Awesomererius :- volunteer staff and helpful users will be happy to assist you.
17:08:00 :leguin.freenode.net 372 Awesomererius :-  
17:08:00 :leguin.freenode.net 372 Awesomererius :- You can meet us at FOSSCON (http://www.fosscon.org) where we get
17:08:00 :leguin.freenode.net 372 Awesomererius :- together with like-minded FOSS enthusiasts for talks and
17:08:00 :leguin.freenode.net 372 Awesomererius :- real-life collaboration, if you're more keen on the outdoors why
17:08:00 :leguin.freenode.net 372 Awesomererius :- not attend or arrange a local geeknic (http://www.geeknic.org).
17:08:00 :leguin.freenode.net 372 Awesomererius :-  
17:08:00 :leguin.freenode.net 372 Awesomererius :- We would like to thank Private Internet Access
17:08:00 :leguin.freenode.net 372 Awesomererius :- (https://www.privateinternetaccess.com/) and the other
17:08:00 :leguin.freenode.net 372 Awesomererius :- organisations that help keep freenode and our other projects
17:08:00 :leguin.freenode.net 372 Awesomererius :- running for their sustained support.
17:08:00 :leguin.freenode.net 372 Awesomererius :-  
17:08:00 :leguin.freenode.net 372 Awesomererius :- In particular we would like to thank the sponsor
17:08:00 :leguin.freenode.net 372 Awesomererius :- of this server, details of which can be found above.
17:08:00 :leguin.freenode.net 372 Awesomererius :-  
17:08:00 :leguin.freenode.net 372 Awesomererius :- ***************************************************************
17:08:00 :leguin.freenode.net 372 Awesomererius :- Please read http://blog.freenode.net/2010/11/be-safe-out-there/
17:08:00 :leguin.freenode.net 372 Awesomererius :- ***************************************************************
17:08:00 :leguin.freenode.net 376 Awesomererius :End of /MOTD command.
17:08:00 :Awesomererius MODE Awesomererius :+i
17:08:05 :Awesomererius!~cloudbot@cpe-74-78-192-75.twcny.res.rr.com JOIN ##reddit-gd
17:08:06 :leguin.freenode.net 332 Awesomererius ##reddit-gd :Welcome to the official www.reddit.com/r/graphic_design channel — where your opinon can't get smashed by arrows ↑↓ || Please be patient when joining, as we may not immediately respond. - NSFW? Tag it accordingly || Latest Weekly Ask The Experts Thread. - http://redd.it/1sc4mf
17:08:06 :leguin.freenode.net 333 Awesomererius ##reddit-gd medos!~medos@unaffiliated/medos 1386856722
17:08:06 :leguin.freenode.net 353 Awesomererius @ ##reddit-gd :Awesomererius rGDbot psyonix @Dekthro andrewSC zelke shotty swandi Awesomerius TheWhisper kneeko EDSGD danceswithwolves tmorrison thrrwfls esde conlinism bashel sigstuff @ChanServ
17:08:06 :leguin.freenode.net 366 Awesomererius ##reddit-gd :End of /NAMES list.
17:08:06 :ChanServ!ChanServ@services. NOTICE Awesomererius :[##reddit-gd] Welcome to the reddit Graphic Design chatroom, if this is your first visit, be patient and feel free to say "Hi!", sometimes we have to work and can't reply instantly. =)
17:08:06 :services. 328 Awesomererius ##reddit-gd :http://www.reddit.com/r/graphic_design
17:08:08 :TheWhisper!~TheWhispe@unaffiliated/thewhisper PRIVMSG ##reddit-gd :.help
17:08:12 :TheWhisper!~TheWhispe@unaffiliated/thewhisper PRIVMSG ##reddit-gd :wow
17:08:15 :TheWhisper!~TheWhispe@unaffiliated/thewhisper PRIVMSG ##reddit-gd :Just got replies from 3 bots
17:08:20 :TheWhisper!~TheWhispe@unaffiliated/thewhisper PRIVMSG ##reddit-gd :Dekthro, works fine on windows
17:08:22 :TheWhisper!~TheWhispe@unaffiliated/thewhisper PRIVMSG ##reddit-gd :.gis taco
17:08:22 :Awesomerius!~skybot@cpe-74-78-192-75.twcny.res.rr.com PRIVMSG ##reddit-gd :TheWhisper: http://image.minyanville.com/assets/dailyfeed/uploadimage/012611/smoked-tacos-2__1296059102.jpg
17:08:27 :TheWhisper!~TheWhispe@unaffiliated/thewhisper PRIVMSG ##reddit-gd :.u tacos
17:08:29 :Awesomerius!~skybot@cpe-74-78-192-75.twcny.res.rr.com PRIVMSG ##reddit-gd :TheWhisper: no definitions found
17:08:51 :Awesomerius!~skybot@cpe-74-78-192-75.twcny.res.rr.com QUIT :Read error: Connection reset by peer
17:09:07 :TheWhisper!~TheWhispe@unaffiliated/thewhisper PRIVMSG ##reddit-gd :Dekthro, can you kill your bot for now?
17:09:12 :Dekthro!~Dekthro@24-176-227-138.static.snlo.ca.charter.com PRIVMSG ##reddit-gd :Ya
17:09:16 :Dekthro!~Dekthro@24-176-227-138.static.snlo.ca.charter.com PRIVMSG ##reddit-gd :Windows =/= Linux
17:09:19 :TheWhisper!~TheWhispe@unaffiliated/thewhisper PRIVMSG ##reddit-gd :Obviously
17:09:24 :rGDbot!~rGDbot@75-140-100-216.dhcp.snlo.ca.charter.com QUIT :Remote host closed the connection
17:09:45 :TheWhisper!~TheWhispe@unaffiliated/thewhisper PRIVMSG ##reddit-gd :We should just get a cheap digitalocean instance
17:09:52 :Dekthro!~Dekthro@24-176-227-138.static.snlo.ca.charter.com PRIVMSG ##reddit-gd :I'm sure it just works fine on Fedora, I just need to figurin
17:09:53 :TheWhisper!~TheWhispe@unaffiliated/thewhisper PRIVMSG ##reddit-gd :would be like less than a dollar from each
17:10:11 :Dekthro!~Dekthro@24-176-227-138.static.snlo.ca.charter.com PRIVMSG ##reddit-gd :Yeah I'm not paying when I can just do it on the dime I'm already spending to run this
17:10:14 :Dekthro!~Dekthro@24-176-227-138.static.snlo.ca.charter.com PRIVMSG ##reddit-gd :But you can if you want :p
17:10:19 :TheWhisper!~TheWhispe@unaffiliated/thewhisper PRIVMSG ##reddit-gd :meh
17:10:28 PING :leguin.freenode.net
17:10:32 :TheWhisper!~TheWhispe@unaffiliated/thewhisper PRIVMSG ##reddit-gd :I think we should try to stick with the cloudbot
17:10:39 :TheWhisper!~TheWhispe@unaffiliated/thewhisper PRIVMSG ##reddit-gd :because it's 1) still actively developed
17:10:44 :TheWhisper!~TheWhispe@unaffiliated/thewhisper PRIVMSG ##reddit-gd :and 2) got lots of plugins
17:10:54 :TheWhisper!~TheWhispe@unaffiliated/thewhisper PRIVMSG ##reddit-gd :So try to figure it out for Fedora
17:10:54 :Dekthro!~Dekthro@24-176-227-138.static.snlo.ca.charter.com PRIVMSG ##reddit-gd :Yeah it has af uck load
17:10:57 :TheWhisper!~TheWhispe@unaffiliated/thewhisper PRIVMSG ##reddit-gd :and if you can't
17:11:01 :TheWhisper!~TheWhispe@unaffiliated/thewhisper PRIVMSG ##reddit-gd :then we'll decide what to do from there
17:12:33 PING :leguin.freenode.net
17:13:02 :TheWhisper!~TheWhispe@unaffiliated/thewhisper PRIVMSG ##reddit-gd :.help
17:13:11 :TheWhisper!~TheWhispe@unaffiliated/thewhisper PRIVMSG ##reddit-gd :.brainfuck
17:13:21 :TheWhisper!~TheWhispe@unaffiliated/thewhisper PRIVMSG ##reddit-gd :.flirt
17:13:23 :Dekthro!~Dekthro@24-176-227-138.static.snlo.ca.charter.com PRIVMSG ##reddit-gd :You using Cloudbot
17:13:25 :TheWhisper!~TheWhispe@unaffiliated/thewhisper PRIVMSG ##reddit-gd :.flirt Dekthro
17:13:26 :TheWhisper!~TheWhispe@unaffiliated/thewhisper PRIVMSG ##reddit-gd :Yes
17:13:26 :Dekthro!~Dekthro@24-176-227-138.static.snlo.ca.charter.com PRIVMSG ##reddit-gd :.flirt TheWhisper
17:13:27 :Dekthro!~Dekthro@24-176-227-138.static.snlo.ca.charter.com PRIVMSG ##reddit-gd ::p
17:13:29 :TheWhisper!~TheWhispe@unaffiliated/thewhisper PRIVMSG ##reddit-gd :lol
17:13:36 :TheWhisper!~TheWhispe@unaffiliated/thewhisper PRIVMSG ##reddit-gd :.tf2music
17:13:57 :TheWhisper!~TheWhispe@unaffiliated/thewhisper PRIVMSG ##reddit-gd :.spotify Taylor Swift
17:14:06 :TheWhisper!~TheWhispe@unaffiliated/thewhisper PRIVMSG ##reddit-gd :dope
17:14:13 :TheWhisper!~TheWhispe@unaffiliated/thewhisper PRIVMSG ##reddit-gd :.scene
17:14:24 :TheWhisper!~TheWhispe@unaffiliated/thewhisper PRIVMSG ##reddit-gd :.scene The Wind Rises
17:14:32 :TheWhisper!~TheWhispe@unaffiliated/thewhisper PRIVMSG ##reddit-gd :.scene Incredibles
17:14:35 :TheWhisper!~TheWhispe@unaffiliated/thewhisper PRIVMSG ##reddit-gd :lol
17:14:45 :Dekthro!~Dekthro@24-176-227-138.static.snlo.ca.charter.com PRIVMSG ##reddit-gd :oh cool
17:14:54 :TheWhisper!~TheWhispe@unaffiliated/thewhisper PRIVMSG ##reddit-gd :.portal1
17:15:03 :TheWhisper!~TheWhispe@unaffiliated/thewhisper PRIVMSG ##reddit-gd :Got a shit ton of plugins
17:15:11 :TheWhisper!~TheWhispe@unaffiliated/thewhisper PRIVMSG ##reddit-gd :.horoscope taurus
17:15:24 :TheWhisper!~TheWhispe@unaffiliated/thewhisper PRIVMSG ##reddit-gd :.drama
17:15:29 :TheWhisper!~TheWhispe@unaffiliated/thewhisper PRIVMSG ##reddit-gd :.drama hi
17:15:40 :TheWhisper!~TheWhispe@unaffiliated/thewhisper PRIVMSG ##reddit-gd :.potato
17:15:46 :TheWhisper!~TheWhispe@unaffiliated/thewhisper PRIVMSG ##reddit-gd :.potato dekthro
17:15:49 :TheWhisper!~TheWhispe@unaffiliated/thewhisper PRIVMSG ##reddit-gd :lol
17:15:51 :conlinism!~conlinism@107.170.18.22 PRIVMSG ##reddit-gd :DN bot runs on Heroku, if that helps :D
17:16:17 :Dekthro!~Dekthro@24-176-227-138.static.snlo.ca.charter.com PRIVMSG ##reddit-gd :I'm sure it's somethign dumb and simple
17:16:44 :TheWhisper!~TheWhispe@unaffiliated/thewhisper PRIVMSG ##reddit-gd :hm
17:16:52 :Dekthro!~Dekthro@24-176-227-138.static.snlo.ca.charter.com PRIVMSG ##reddit-gd :i just dont know enough about linux in general yet
17:16:52 :TheWhisper!~TheWhispe@unaffiliated/thewhisper PRIVMSG ##reddit-gd :Looks like you can get a very simple heroku instance for free
17:17:07 :conlinism!~conlinism@107.170.18.22 PRIVMSG ##reddit-gd :yep
17:17:13 :conlinism!~conlinism@107.170.18.22 PRIVMSG ##reddit-gd :thats why I am using it
17:17:24 :TheWhisper!~TheWhispe@unaffiliated/thewhisper PRIVMSG ##reddit-gd :Conlinism, but it then says $.05/dyno hour
17:17:32 :TheWhisper!~TheWhispe@unaffiliated/thewhisper PRIVMSG ##reddit-gd :but it also says estimated monthly cost = free
17:17:54 :conlinism!~conlinism@107.170.18.22 PRIVMSG ##reddit-gd :yeah, it doesnt cost me anything to run 1 instance
17:17:58 PING :leguin.freenode.net
17:17:59 :TheWhisper!~TheWhispe@unaffiliated/thewhisper PRIVMSG ##reddit-gd :ah
17:18:28 :TheWhisper!~TheWhispe@unaffiliated/thewhisper PRIVMSG ##reddit-gd :I'll check it out now
17:20:03 PING :leguin.freenode.net
17:20:19 :zelke!~Adium@rrcs-71-42-144-170.sw.biz.rr.com QUIT :Quit: Leaving.
17:20:33 :conlinism!~conlinism@107.170.18.22 PRIVMSG ##reddit-gd :http://cl.ly/image/421s0e3d260i
17:22:08 PING :leguin.freenode.net
17:23:29 :EDSGD!~esotelo@71-9-127-158.static.lsan.ca.charter.com PRIVMSG ##reddit-gd :Who here lives in San Francisco
17:23:40 :TheWhisper!~TheWhispe@unaffiliated/thewhisper PRIVMSG ##reddit-gd :I don't think anyone
17:24:13 PING :leguin.freenode.net
17:24:47 :EDSGD!~esotelo@71-9-127-158.static.lsan.ca.charter.com PRIVMSG ##reddit-gd ::(
17:24:52 :TheWhisper!~TheWhispe@unaffiliated/thewhisper PRIVMSG ##reddit-gd :Conlinism, what is Flask?
17:25:19 :conlinism!~conlinism@107.170.18.22 PRIVMSG ##reddit-gd :its a web framework written in Pythong
17:25:23 :conlinism!~conlinism@107.170.18.22 PRIVMSG ##reddit-gd :pythong*
17:25:24 :TheWhisper!~TheWhispe@unaffiliated/thewhisper PRIVMSG ##reddit-gd :https://devcenter.heroku.com/articles/getting-started-with-python
17:25:26 :conlinism!~conlinism@107.170.18.22 PRIVMSG ##reddit-gd :god damn it
17:25:29 :TheWhisper!~TheWhispe@unaffiliated/thewhisper PRIVMSG ##reddit-gd :Should I just follow that?
17:25:30 :conlinism!~conlinism@107.170.18.22 PRIVMSG ##reddit-gd :python
17:25:46 :conlinism!~conlinism@107.170.18.22 PRIVMSG ##reddit-gd :sure
17:25:48 :conlinism!~conlinism@107.170.18.22 PRIVMSG ##reddit-gd :there is this
17:25:48 :conlinism!~conlinism@107.170.18.22 PRIVMSG ##reddit-gd :http://code.tutsplus.com/tutorials/an-introduction-to-pythons-flask-framework--net-28822
17:25:54 :conlinism!~conlinism@107.170.18.22 PRIVMSG ##reddit-gd :and this
17:25:55 :conlinism!~conlinism@107.170.18.22 PRIVMSG ##reddit-gd :http://blog.miguelgrinberg.com/post/the-flask-mega-tutorial-part-i-hello-world
17:25:56 :conlinism!~conlinism@107.170.18.22 PRIVMSG ##reddit-gd :as well
17:26:18 PING :leguin.freenode.net
17:26:52 :Dekthro!~Dekthro@24-176-227-138.static.snlo.ca.charter.com PRIVMSG ##reddit-gd :this is awesome, i've gone 2 1/2 hrs without being bothered
17:27:31 :TheWhisper!~TheWhispe@unaffiliated/thewhisper PRIVMSG ##reddit-gd :Okay, Conlinism, I got flask installed
17:27:37 :TheWhisper!~TheWhispe@unaffiliated/thewhisper PRIVMSG ##reddit-gd :but I can't install virtuaenv -.-
17:27:47 :conlinism!~conlinism@107.170.18.22 PRIVMSG ##reddit-gd :ok
17:27:56 :TheWhisper!~TheWhispe@unaffiliated/thewhisper PRIVMSG ##reddit-gd :Says "command not found"
17:28:11 :conlinism!~conlinism@107.170.18.22 PRIVMSG ##reddit-gd :are you sshed into heroku?
17:28:23 :zelke!~Adium@rrcs-71-42-144-170.sw.biz.rr.com JOIN ##reddit-gd
17:28:23 PING :leguin.freenode.net
17:28:26 :TheWhisper!~TheWhispe@unaffiliated/thewhisper PRIVMSG ##reddit-gd :http://i.imgur.com/wckFZvm.png
17:28:48 :conlinism!~conlinism@107.170.18.22 PRIVMSG ##reddit-gd :ok
17:28:50 :conlinism!~conlinism@107.170.18.22 PRIVMSG ##reddit-gd :just a sec
17:29:16 :conlinism!~conlinism@107.170.18.22 PRIVMSG ##reddit-gd :youre on windows?
17:29:19 :TheWhisper!~TheWhispe@unaffiliated/thewhisper PRIVMSG ##reddit-gd :yes
17:29:21 :conlinism!~conlinism@107.170.18.22 PRIVMSG ##reddit-gd :eww
17:29:23 :conlinism!~conlinism@107.170.18.22 PRIVMSG ##reddit-gd :ok
17:29:24 :TheWhisper!~TheWhispe@unaffiliated/thewhisper PRIVMSG ##reddit-gd :Do I need virtualenv locally?
17:29:32 :conlinism!~conlinism@107.170.18.22 PRIVMSG ##reddit-gd :so wait
17:29:34 :TheWhisper!~TheWhispe@unaffiliated/thewhisper PRIVMSG ##reddit-gd :Like do I need to mirror the directories locally or something?
17:29:38 :conlinism!~conlinism@107.170.18.22 PRIVMSG ##reddit-gd :you are sshed into heroku?
17:29:47 :TheWhisper!~TheWhispe@unaffiliated/thewhisper PRIVMSG ##reddit-gd :Ah
17:29:52 :TheWhisper!~TheWhispe@unaffiliated/thewhisper PRIVMSG ##reddit-gd :I think I need to mirror it locally
17:30:04 :conlinism!~conlinism@107.170.18.22 PRIVMSG ##reddit-gd :http://docs.python-guide.org/en/latest/starting/install/osx/
17:30:15 :conlinism!~conlinism@107.170.18.22 PRIVMSG ##reddit-gd :http://docs.python-guide.org/en/latest/starting/install/osx/
17:30:19 :conlinism!~conlinism@107.170.18.22 PRIVMSG ##reddit-gd :sorry
17:30:22 :conlinism!~conlinism@107.170.18.22 PRIVMSG ##reddit-gd :meant to send this
17:30:22 :conlinism!~conlinism@107.170.18.22 PRIVMSG ##reddit-gd :http://docs.python-guide.org/en/latest/starting/install/osx/#virtualenv
17:30:28 PING :leguin.freenode.net
17:32:04 :TheWhisper!~TheWhispe@unaffiliated/thewhisper PRIVMSG ##reddit-gd :nevermind figured it out
17:32:33 PING :leguin.freenode.net
17:34:32 :conlinism!~conlinism@107.170.18.22 PRIVMSG ##reddit-gd :cool
17:34:38 PING :leguin.freenode.net
17:35:37 :TheWhisper!~TheWhispe@unaffiliated/thewhisper PRIVMSG ##reddit-gd :Now when I run like pip or something
17:35:44 :TheWhisper!~TheWhispe@unaffiliated/thewhisper PRIVMSG ##reddit-gd :hm
17:35:54 :TheWhisper!~TheWhispe@unaffiliated/thewhisper PRIVMSG ##reddit-gd :It says command not found
17:35:58 :TheWhisper!~TheWhispe@unaffiliated/thewhisper PRIVMSG ##reddit-gd :even though I have it installed
17:36:20 :conlinism!~conlinism@107.170.18.22 PRIVMSG ##reddit-gd :can you run a virtual machine with linux?
17:36:25 :TheWhisper!~TheWhispe@unaffiliated/thewhisper PRIVMSG ##reddit-gd :Don't want to
17:36:26 :conlinism!~conlinism@107.170.18.22 PRIVMSG ##reddit-gd :this is going to be a pain with windows
17:36:27 :conlinism!~conlinism@107.170.18.22 PRIVMSG ##reddit-gd :lol
17:36:43 PING :leguin.freenode.net
17:37:17 :TheWhisper!~TheWhispe@unaffiliated/thewhisper PRIVMSG ##reddit-gd :I hate how the console disappears if there's an error
17:37:24 :TheWhisper!~TheWhispe@unaffiliated/thewhisper PRIVMSG ##reddit-gd :How the fuck am I supposed to fix the error then -.-
17:37:24 :conlinism!~conlinism@107.170.18.22 PRIVMSG ##reddit-gd :yeah
17:37:41 :conlinism!~conlinism@107.170.18.22 PRIVMSG ##reddit-gd :windows is really not built for development
17:37:47 :conlinism!~conlinism@107.170.18.22 PRIVMSG ##reddit-gd :without some heavy tweaking
17:38:45 :TheWhisper!~TheWhispe@unaffiliated/thewhisper PRIVMSG ##reddit-gd :Okay, figured out how to get it to stay
17:38:48 PING :leguin.freenode.net
17:40:53 PING :leguin.freenode.net
17:41:16 :EDSGD!~esotelo@71-9-127-158.static.lsan.ca.charter.com PRIVMSG ##reddit-gd :http://payload245.cargocollective.com/1/0/31246/7205053/Raf%20Simons%20SS14%20Menswear%20%20THIRD%20LOOKS.png
17:42:58 PING :leguin.freenode.net
17:44:02 :TheWhisper!~TheWhispe@unaffiliated/thewhisper PRIVMSG ##reddit-gd :Okay, got pip and stuff to work in the regular console
17:44:08 :TheWhisper!~TheWhispe@unaffiliated/thewhisper PRIVMSG ##reddit-gd :Not in the Heroku one
17:45:03 PING :leguin.freenode.net
17:45:53 :zelke!~Adium@rrcs-71-42-144-170.sw.biz.rr.com PRIVMSG ##reddit-gd :ugh, nothing like getting low-balled for a freelance project 
17:46:07 :TheWhisper!~TheWhispe@unaffiliated/thewhisper PRIVMSG ##reddit-gd :okay, got it working for now, conlinism
17:47:08 PING :leguin.freenode.net
17:49:25 :leguin.freenode.net NOTICE * :*** Looking up your hostname...
17:49:25 :leguin.freenode.net NOTICE * :*** Checking Ident
17:49:25 :leguin.freenode.net NOTICE * :*** Found your hostname
17:49:32 :leguin.freenode.net NOTICE * :*** No Ident response
17:49:32 :leguin.freenode.net 001 Awesomererius :Welcome to the freenode Internet Relay Chat Network Awesomererius
17:49:32 :leguin.freenode.net 002 Awesomererius :Your host is leguin.freenode.net[130.239.18.172/6667], running version ircd-seven-1.1.3
17:49:32 :leguin.freenode.net 003 Awesomererius :This server was created Mon Dec 31 2012 at 22:37:58 CET
17:49:32 :leguin.freenode.net 004 Awesomererius leguin.freenode.net ircd-seven-1.1.3 DOQRSZaghilopswz CFILMPQSbcefgijklmnopqrstvz bkloveqjfI
17:49:32 :leguin.freenode.net 005 Awesomererius CHANTYPES=# EXCEPTS INVEX CHANMODES=eIbq,k,flj,CFLMPQScgimnprstz CHANLIMIT=#:120 PREFIX=(ov)@+ MAXLIST=bqeI:100 MODES=4 NETWORK=freenode KNOCK STATUSMSG=@+ CALLERID=g :are supported by this server
17:49:32 :leguin.freenode.net 005 Awesomererius CASEMAPPING=rfc1459 CHARSET=ascii NICKLEN=16 CHANNELLEN=50 TOPICLEN=390 ETRACE CPRIVMSG CNOTICE DEAF=D MONITOR=100 FNC TARGMAX=NAMES:1,LIST:1,KICK:1,WHOIS:1,PRIVMSG:4,NOTICE:4,ACCEPT:,MONITOR: :are supported by this server
17:49:32 :leguin.freenode.net 005 Awesomererius EXTBAN=$,arxz WHOX CLIENTVER=3.0 SAFELIST ELIST=CTU :are supported by this server
17:49:32 :leguin.freenode.net 251 Awesomererius :There are 218 users and 96123 invisible on 28 servers
17:49:32 :leguin.freenode.net 252 Awesomererius 34 :IRC Operators online
17:49:32 :leguin.freenode.net 253 Awesomererius 35 :unknown connection(s)
17:49:32 :leguin.freenode.net 254 Awesomererius 52179 :channels formed
17:49:32 :leguin.freenode.net 255 Awesomererius :I have 5818 clients and 1 servers
17:49:32 :leguin.freenode.net 265 Awesomererius 5818 12001 :Current local users 5818, max 12001
17:49:32 :leguin.freenode.net 266 Awesomererius 96341 101329 :Current global users 96341, max 101329
17:49:32 :leguin.freenode.net 250 Awesomererius :Highest connection count: 12002 (12001 clients) (3343905 connections received)
17:49:32 :leguin.freenode.net 375 Awesomererius :- leguin.freenode.net Message of the Day - 
17:49:32 :leguin.freenode.net 372 Awesomererius :- Welcome to leguin.freenode.net in Umeå, Sweden, EU! Thanks to
17:49:32 :leguin.freenode.net 372 Awesomererius :- the Academic Computer Club at Umeå University for sponsoring
17:49:32 :leguin.freenode.net 372 Awesomererius :- this server!
17:49:32 :leguin.freenode.net 372 Awesomererius :-  
17:49:32 :leguin.freenode.net 372 Awesomererius :- LE GUIN, URSULA K. (1929-) Born in Berkeley, California,
17:49:32 :leguin.freenode.net 372 Awesomererius :- Ursula Le Guin is an american author primarily known for
17:49:32 :leguin.freenode.net 372 Awesomererius :- her Science Fiction and Fantasy. She has been awarded the
17:49:32 :leguin.freenode.net 372 Awesomererius :- Hugo and Nebula awards, and is best known for her Earthsea
17:49:32 :leguin.freenode.net 372 Awesomererius :- and Hainish series.
17:49:32 :leguin.freenode.net 372 Awesomererius :-  
17:49:32 :leguin.freenode.net 372 Awesomererius :- Welcome to freenode - supporting the free and open source
17:49:32 :leguin.freenode.net 372 Awesomererius :- software communities since 1998.
17:49:32 :leguin.freenode.net 372 Awesomererius :-  
17:49:32 :leguin.freenode.net 372 Awesomererius :- By connecting to freenode you indicate that you have read and
17:49:32 :leguin.freenode.net 372 Awesomererius :- accept our policies as set out on http://www.freenode.net
17:49:32 :leguin.freenode.net 372 Awesomererius :- freenode runs an open proxy scanner. Please join #freenode for
17:49:32 :leguin.freenode.net 372 Awesomererius :- any network-related questions or queries, where a number of
17:49:32 :leguin.freenode.net 372 Awesomererius :- volunteer staff and helpful users will be happy to assist you.
17:49:32 :leguin.freenode.net 372 Awesomererius :-  
17:49:33 :leguin.freenode.net 372 Awesomererius :- You can meet us at FOSSCON (http://www.fosscon.org) where we get
17:49:33 :leguin.freenode.net 372 Awesomererius :- together with like-minded FOSS enthusiasts for talks and
17:49:33 :leguin.freenode.net 372 Awesomererius :- real-life collaboration, if you're more keen on the outdoors why
17:49:33 :leguin.freenode.net 372 Awesomererius :- not attend or arrange a local geeknic (http://www.geeknic.org).
17:49:33 :leguin.freenode.net 372 Awesomererius :-  
17:49:33 :leguin.freenode.net 372 Awesomererius :- We would like to thank Private Internet Access
17:49:33 :leguin.freenode.net 372 Awesomererius :- (https://www.privateinternetaccess.com/) and the other
17:49:33 :leguin.freenode.net 372 Awesomererius :- organisations that help keep freenode and our other projects
17:49:33 :leguin.freenode.net 372 Awesomererius :- running for their sustained support.
17:49:33 :leguin.freenode.net 372 Awesomererius :-  
17:49:33 :leguin.freenode.net 372 Awesomererius :- In particular we would like to thank the sponsor
17:49:33 :leguin.freenode.net 372 Awesomererius :- of this server, details of which can be found above.
17:49:33 :leguin.freenode.net 372 Awesomererius :-  
17:49:33 :leguin.freenode.net 372 Awesomererius :- ***************************************************************
17:49:33 :leguin.freenode.net 372 Awesomererius :- Please read http://blog.freenode.net/2010/11/be-safe-out-there/
17:49:33 :leguin.freenode.net 372 Awesomererius :- ***************************************************************
17:49:33 :leguin.freenode.net 376 Awesomererius :End of /MOTD command.
17:49:33 :Awesomererius MODE Awesomererius :+i
17:49:38 :Awesomererius!~cloudbot@cpe-74-78-192-75.twcny.res.rr.com JOIN ##reddit-gd
17:49:38 :leguin.freenode.net 332 Awesomererius ##reddit-gd :Welcome to the official www.reddit.com/r/graphic_design channel — where your opinon can't get smashed by arrows ↑↓ || Please be patient when joining, as we may not immediately respond. - NSFW? Tag it accordingly || Latest Weekly Ask The Experts Thread. - http://redd.it/1sc4mf
17:49:38 :leguin.freenode.net 333 Awesomererius ##reddit-gd medos!~medos@unaffiliated/medos 1386856722
17:49:38 :leguin.freenode.net 353 Awesomererius @ ##reddit-gd :Awesomererius zelke psyonix @Dekthro andrewSC shotty swandi TheWhisper kneeko EDSGD danceswithwolves tmorrison thrrwfls esde conlinism bashel sigstuff @ChanServ
17:49:38 :leguin.freenode.net 366 Awesomererius ##reddit-gd :End of /NAMES list.
17:49:38 :ChanServ!ChanServ@services. NOTICE Awesomererius :[##reddit-gd] Welcome to the reddit Graphic Design chatroom, if this is your first visit, be patient and feel free to say "Hi!", sometimes we have to work and can't reply instantly. =)
17:49:38 :services. 328 Awesomererius ##reddit-gd :http://www.reddit.com/r/graphic_design
17:49:40 :TheWhisper!~TheWhispe@unaffiliated/thewhisper PRIVMSG ##reddit-gd :.help
17:49:43 :TheWhisper!~TheWhispe@unaffiliated/thewhisper PRIVMSG ##reddit-gd :okay
17:49:45 :TheWhisper!~TheWhispe@unaffiliated/thewhisper PRIVMSG ##reddit-gd :.u hi
17:49:49 :TheWhisper!~TheWhispe@unaffiliated/thewhisper PRIVMSG ##reddit-gd :19:27:41 :leguin.freenode.net NOTICE * :*** Looking up your hostname...
19:27:41 :leguin.freenode.net NOTICE * :*** Checking Ident
19:27:41 :leguin.freenode.net NOTICE * :*** Found your hostname
19:27:50 :leguin.freenode.net NOTICE * :*** No Ident response
19:27:50 :leguin.freenode.net 001 Awesomererius :Welcome to the freenode Internet Relay Chat Network Awesomererius
19:27:50 :leguin.freenode.net 002 Awesomererius :Your host is leguin.freenode.net[130.239.18.172/6667], running version ircd-seven-1.1.3
19:27:50 :leguin.freenode.net 003 Awesomererius :This server was created Mon Dec 31 2012 at 22:37:58 CET
19:27:50 :leguin.freenode.net 004 Awesomererius leguin.freenode.net ircd-seven-1.1.3 DOQRSZaghilopswz CFILMPQSbcefgijklmnopqrstvz bkloveqjfI
19:27:50 :leguin.freenode.net 005 Awesomererius CHANTYPES=# EXCEPTS INVEX CHANMODES=eIbq,k,flj,CFLMPQScgimnprstz CHANLIMIT=#:120 PREFIX=(ov)@+ MAXLIST=bqeI:100 MODES=4 NETWORK=freenode KNOCK STATUSMSG=@+ CALLERID=g :are supported by this server
19:27:50 :leguin.freenode.net 005 Awesomererius CASEMAPPING=rfc1459 CHARSET=ascii NICKLEN=16 CHANNELLEN=50 TOPICLEN=390 ETRACE CPRIVMSG CNOTICE DEAF=D MONITOR=100 FNC TARGMAX=NAMES:1,LIST:1,KICK:1,WHOIS:1,PRIVMSG:4,NOTICE:4,ACCEPT:,MONITOR: :are supported by this server
19:27:50 :leguin.freenode.net 005 Awesomererius EXTBAN=$,arxz WHOX CLIENTVER=3.0 SAFELIST ELIST=CTU :are supported by this server
19:27:50 :leguin.freenode.net 251 Awesomererius :There are 211 users and 96433 invisible on 28 servers
19:27:50 :leguin.freenode.net 252 Awesomererius 34 :IRC Operators online
19:27:50 :leguin.freenode.net 253 Awesomererius 36 :unknown connection(s)
19:27:50 :leguin.freenode.net 254 Awesomererius 52229 :channels formed
19:27:50 :leguin.freenode.net 255 Awesomererius :I have 6054 clients and 1 servers
19:27:50 :leguin.freenode.net 265 Awesomererius 6054 12001 :Current local users 6054, max 12001
19:27:50 :leguin.freenode.net 266 Awesomererius 96644 101329 :Current global users 96644, max 101329
19:27:50 :leguin.freenode.net 250 Awesomererius :Highest connection count: 12002 (12001 clients) (3346806 connections received)
19:27:50 :leguin.freenode.net 375 Awesomererius :- leguin.freenode.net Message of the Day - 
19:27:50 :leguin.freenode.net 372 Awesomererius :- Welcome to leguin.freenode.net in Umeå, Sweden, EU! Thanks to
19:27:50 :leguin.freenode.net 372 Awesomererius :- the Academic Computer Club at Umeå University for sponsoring
19:27:50 :leguin.freenode.net 372 Awesomererius :- this server!
19:27:50 :leguin.freenode.net 372 Awesomererius :-  
19:27:50 :leguin.freenode.net 372 Awesomererius :- LE GUIN, URSULA K. (1929-) Born in Berkeley, California,
19:27:50 :leguin.freenode.net 372 Awesomererius :- Ursula Le Guin is an american author primarily known for
19:27:50 :leguin.freenode.net 372 Awesomererius :- her Science Fiction and Fantasy. She has been awarded the
19:27:50 :leguin.freenode.net 372 Awesomererius :- Hugo and Nebula awards, and is best known for her Earthsea
19:27:50 :leguin.freenode.net 372 Awesomererius :- and Hainish series.
19:27:50 :leguin.freenode.net 372 Awesomererius :-  
19:27:50 :leguin.freenode.net 372 Awesomererius :- Welcome to freenode - supporting the free and open source
19:27:50 :leguin.freenode.net 372 Awesomererius :- software communities since 1998.
19:27:50 :leguin.freenode.net 372 Awesomererius :-  
19:27:50 :leguin.freenode.net 372 Awesomererius :- By connecting to freenode you indicate that you have read and
19:27:50 :leguin.freenode.net 372 Awesomererius :- accept our policies as set out on http://www.freenode.net
19:27:50 :leguin.freenode.net 372 Awesomererius :- freenode runs an open proxy scanner. Please join #freenode for
19:27:50 :leguin.freenode.net 372 Awesomererius :- any network-related questions or queries, where a number of
19:27:50 :leguin.freenode.net 372 Awesomererius :- volunteer staff and helpful users will be happy to assist you.
19:27:50 :leguin.freenode.net 372 Awesomererius :-  
19:27:50 :leguin.freenode.net 372 Awesomererius :- You can meet us at FOSSCON (http://www.fosscon.org) where we get
19:27:50 :leguin.freenode.net 372 Awesomererius :- together with like-minded FOSS enthusiasts for talks and
19:27:50 :leguin.freenode.net 372 Awesomererius :- real-life collaboration, if you're more keen on the outdoors why
19:27:50 :leguin.freenode.net 372 Awesomererius :- not attend or arrange a local geeknic (http://www.geeknic.org).
19:27:50 :leguin.freenode.net 372 Awesomererius :-  
19:27:50 :leguin.freenode.net 372 Awesomererius :- We would like to thank Private Internet Access
19:27:50 :leguin.freenode.net 372 Awesomererius :- (https://www.privateinternetaccess.com/) and the other
19:27:50 :leguin.freenode.net 372 Awesomererius :- organisations that help keep freenode and our other projects
19:27:50 :leguin.freenode.net 372 Awesomererius :- running for their sustained support.
19:27:50 :leguin.freenode.net 372 Awesomererius :-  
19:27:50 :leguin.freenode.net 372 Awesomererius :- In particular we would like to thank the sponsor
19:27:50 :leguin.freenode.net 372 Awesomererius :- of this server, details of which can be found above.
19:27:50 :leguin.freenode.net 372 Awesomererius :-  
19:27:50 :leguin.freenode.net 372 Awesomererius :- ***************************************************************
19:27:50 :leguin.freenode.net 372 Awesomererius :- Please read http://blog.freenode.net/2010/11/be-safe-out-there/
19:27:50 :leguin.freenode.net 372 Awesomererius :- ***************************************************************
19:27:50 :leguin.freenode.net 376 Awesomererius :End of /MOTD command.
19:27:50 :Awesomererius MODE Awesomererius :+i
19:27:56 :Awesomererius!~cloudbot@cpe-74-78-192-75.twcny.res.rr.com JOIN ##reddit-gd
19:27:56 :leguin.freenode.net 332 Awesomererius ##reddit-gd :Welcome to the official www.reddit.com/r/graphic_design channel — where your opinon can't get smashed by arrows ↑↓ || Please be patient when joining, as we may not immediately respond. - NSFW? Tag it accordingly || Latest Weekly Ask The Experts Thread. - http://redd.it/1sc4mf
19:27:56 :leguin.freenode.net 333 Awesomererius ##reddit-gd medos!~medos@unaffiliated/medos 1386856722
19:27:56 :leguin.freenode.net 353 Awesomererius @ ##reddit-gd :Awesomererius zelke psyonix @Dekthro shotty swandi TheWhisper kneeko EDSGD danceswithwolves tmorrison thrrwfls esde conlinism bashel sigstuff @ChanServ
19:27:56 :leguin.freenode.net 366 Awesomererius ##reddit-gd :End of /NAMES list.
19:27:56 :ChanServ!ChanServ@services. NOTICE Awesomererius :[##reddit-gd] Welcome to the reddit Graphic Design chatroom, if this is your first visit, be patient and feel free to say "Hi!", sometimes we have to work and can't reply instantly. =)
19:27:56 :services. 328 Awesomererius ##reddit-gd :http://www.reddit.com/r/graphic_design
